2020-03-12 15:00:22.466  INFO 1296 --- [main] com.education.uv.Application             : Starting Application on AFOD3-612121948 with PID 1296 (D:\ideaObject\uv\target\classes started by Administrator in D:\ideaObject\uv)
2020-03-12 15:00:22.473  INFO 1296 --- [main] com.education.uv.Application             : No active profile set, falling back to default profiles: default
2020-03-12 15:00:25.835  INFO 1296 --- [main] o.s.b.w.embedded.tomcat.TomcatWebServer  : Tomcat initialized with port(s): 8080 (http)
2020-03-12 15:00:25.858  INFO 1296 --- [main] o.apache.catalina.core.StandardService   : Starting service [Tomcat]
2020-03-12 15:00:25.859  INFO 1296 --- [main] org.apache.catalina.core.StandardEngine  : Starting Servlet engine: [Apache Tomcat/9.0.22]
2020-03-12 15:00:25.998  INFO 1296 --- [main] o.a.c.c.C.[Tomcat].[localhost].[/]       : Initializing Spring embedded WebApplicationContext
2020-03-12 15:00:25.999  INFO 1296 --- [main] o.s.web.context.ContextLoader            : Root WebApplicationContext: initialization completed in 3467 ms
2020-03-12 15:00:26.443  INFO 1296 --- [main] o.s.s.concurrent.ThreadPoolTaskExecutor  : Initializing ExecutorService 'applicationTaskExecutor'
2020-03-12 15:00:26.728  INFO 1296 --- [main] o.s.b.w.embedded.tomcat.TomcatWebServer  : Tomcat started on port(s): 8080 (http) with context path ''
2020-03-12 15:00:26.732  INFO 1296 --- [main] com.education.uv.Application             : Started Application in 4.655 seconds (JVM running for 6.825)
2020-03-12 15:00:37.232  INFO 1296 --- [http-nio-8080-exec-2] o.a.c.c.C.[Tomcat].[localhost].[/]       : Initializing Spring DispatcherServlet 'dispatcherServlet'
2020-03-12 15:00:37.233  INFO 1296 --- [http-nio-8080-exec-2] o.s.web.servlet.DispatcherServlet        : Initializing Servlet 'dispatcherServlet'
2020-03-12 15:00:37.239  INFO 1296 --- [http-nio-8080-exec-2] o.s.web.servlet.DispatcherServlet        : Completed initialization in 6 ms
2020-03-12 15:00:57.152  INFO 1296 --- [http-nio-8080-exec-6] com.zaxxer.hikari.HikariDataSource       : HikariPool-1 - Starting...
2020-03-12 15:00:57.581  INFO 1296 --- [http-nio-8080-exec-6] com.zaxxer.hikari.HikariDataSource       : HikariPool-1 - Start completed.
2020-03-12 16:09:33.088  INFO 5048 --- [main] com.education.uv.Application             : Starting Application on AFOD3-612121948 with PID 5048 (D:\ideaObject\uv-git\target\classes started by Administrator in D:\ideaObject\uv-git)
2020-03-12 16:09:33.091  INFO 5048 --- [main] com.education.uv.Application             : No active profile set, falling back to default profiles: default
2020-03-12 16:09:34.207  INFO 5048 --- [main] o.s.b.w.embedded.tomcat.TomcatWebServer  : Tomcat initialized with port(s): 8080 (http)
2020-03-12 16:09:34.227  INFO 5048 --- [main] o.apache.catalina.core.StandardService   : Starting service [Tomcat]
2020-03-12 16:09:34.227  INFO 5048 --- [main] org.apache.catalina.core.StandardEngine  : Starting Servlet engine: [Apache Tomcat/9.0.22]
2020-03-12 16:09:34.329  INFO 5048 --- [main] o.a.c.c.C.[Tomcat].[localhost].[/]       : Initializing Spring embedded WebApplicationContext
2020-03-12 16:09:34.329  INFO 5048 --- [main] o.s.web.context.ContextLoader            : Root WebApplicationContext: initialization completed in 1198 ms
2020-03-12 16:09:34.641  INFO 5048 --- [main] o.s.s.concurrent.ThreadPoolTaskExecutor  : Initializing ExecutorService 'applicationTaskExecutor'
2020-03-12 16:09:34.856 ERROR 5048 --- [main] org.apache.catalina.util.LifecycleBase   : Failed to start component [Connector[HTTP/1.1-8080]]

org.apache.catalina.LifecycleException: Protocol handler start failed
	at org.apache.catalina.connector.Connector.startInternal(Connector.java:1008) ~[tomcat-embed-core-9.0.22.jar:9.0.22]
	at org.apache.catalina.util.LifecycleBase.start(LifecycleBase.java:183) ~[tomcat-embed-core-9.0.22.jar:9.0.22]
	at org.apache.catalina.core.StandardService.addConnector(StandardService.java:227) [tomcat-embed-core-9.0.22.jar:9.0.22]
	at org.springframework.boot.web.embedded.tomcat.TomcatWebServer.addPreviouslyRemovedConnectors(TomcatWebServer.java:263) [spring-boot-2.1.7.RELEASE.jar:2.1.7.RELEASE]
	at org.springframework.boot.web.embedded.tomcat.TomcatWebServer.start(TomcatWebServer.java:195) [spring-boot-2.1.7.RELEASE.jar:2.1.7.RELEASE]
	at org.springframework.boot.web.servlet.context.ServletWebServerApplicationContext.startWebServer(ServletWebServerApplicationContext.java:297) [spring-boot-2.1.7.RELEASE.jar:2.1.7.RELEASE]
	at org.springframework.boot.web.servlet.context.ServletWebServerApplicationContext.finishRefresh(ServletWebServerApplicationContext.java:163) [spring-boot-2.1.7.RELEASE.jar:2.1.7.RELEASE]
	at org.springframework.context.support.AbstractApplicationContext.refresh(AbstractApplicationContext.java:552) [spring-context-5.1.9.RELEASE.jar:5.1.9.RELEASE]
	at org.springframework.boot.web.servlet.context.ServletWebServerApplicationContext.refresh(ServletWebServerApplicationContext.java:141) [spring-boot-2.1.7.RELEASE.jar:2.1.7.RELEASE]
	at org.springframework.boot.SpringApplication.refresh(SpringApplication.java:743) [spring-boot-2.1.7.RELEASE.jar:2.1.7.RELEASE]
	at org.springframework.boot.SpringApplication.refreshContext(SpringApplication.java:390) [spring-boot-2.1.7.RELEASE.jar:2.1.7.RELEASE]
	at org.springframework.boot.SpringApplication.run(SpringApplication.java:312) [spring-boot-2.1.7.RELEASE.jar:2.1.7.RELEASE]
	at org.springframework.boot.SpringApplication.run(SpringApplication.java:1214) [spring-boot-2.1.7.RELEASE.jar:2.1.7.RELEASE]
	at org.springframework.boot.SpringApplication.run(SpringApplication.java:1203) [spring-boot-2.1.7.RELEASE.jar:2.1.7.RELEASE]
	at com.education.uv.Application.main(Application.java:11) [classes/:na]
Caused by: java.net.BindException: Address already in use: bind
	at sun.nio.ch.Net.bind0(Native Method) ~[na:1.8.0_77]
	at sun.nio.ch.Net.bind(Net.java:433) ~[na:1.8.0_77]
	at sun.nio.ch.Net.bind(Net.java:425) ~[na:1.8.0_77]
	at sun.nio.ch.ServerSocketChannelImpl.bind(ServerSocketChannelImpl.java:223) ~[na:1.8.0_77]
	at sun.nio.ch.ServerSocketAdaptor.bind(ServerSocketAdaptor.java:74) ~[na:1.8.0_77]
	at org.apache.tomcat.util.net.NioEndpoint.initServerSocket(NioEndpoint.java:230) ~[tomcat-embed-core-9.0.22.jar:9.0.22]
	at org.apache.tomcat.util.net.NioEndpoint.bind(NioEndpoint.java:213) ~[tomcat-embed-core-9.0.22.jar:9.0.22]
	at org.apache.tomcat.util.net.AbstractEndpoint.bindWithCleanup(AbstractEndpoint.java:1124) ~[tomcat-embed-core-9.0.22.jar:9.0.22]
	at org.apache.tomcat.util.net.AbstractEndpoint.start(AbstractEndpoint.java:1210) ~[tomcat-embed-core-9.0.22.jar:9.0.22]
	at org.apache.coyote.AbstractProtocol.start(AbstractProtocol.java:585) ~[tomcat-embed-core-9.0.22.jar:9.0.22]
	at org.apache.catalina.connector.Connector.startInternal(Connector.java:1005) ~[tomcat-embed-core-9.0.22.jar:9.0.22]
	... 14 common frames omitted

2020-03-12 16:09:34.861  INFO 5048 --- [main] o.apache.catalina.core.StandardService   : Stopping service [Tomcat]
2020-03-12 16:09:34.868  INFO 5048 --- [main] ConditionEvaluationReportLoggingListener : 

Error starting ApplicationContext. To display the conditions report re-run your application with 'debug' enabled.
2020-03-12 16:09:34.871 ERROR 5048 --- [main] o.s.b.d.LoggingFailureAnalysisReporter   : 

***************************
APPLICATION FAILED TO START
***************************

Description:

The Tomcat connector configured to listen on port 8080 failed to start. The port may already be in use or the connector may be misconfigured.

Action:

Verify the connector's configuration, identify and stop any process that's listening on port 8080, or configure this application to listen on another port.

2020-03-12 16:09:34.873  INFO 5048 --- [main] o.s.s.concurrent.ThreadPoolTaskExecutor  : Shutting down ExecutorService 'applicationTaskExecutor'
2020-03-12 16:10:05.334  INFO 4904 --- [main] com.education.uv.Application             : Starting Application on AFOD3-612121948 with PID 4904 (D:\ideaObject\uv-git\target\classes started by Administrator in D:\ideaObject\uv-git)
2020-03-12 16:10:05.337  INFO 4904 --- [main] com.education.uv.Application             : No active profile set, falling back to default profiles: default
2020-03-12 16:10:06.561  INFO 4904 --- [main] o.s.b.w.embedded.tomcat.TomcatWebServer  : Tomcat initialized with port(s): 8080 (http)
2020-03-12 16:10:06.582  INFO 4904 --- [main] o.apache.catalina.core.StandardService   : Starting service [Tomcat]
2020-03-12 16:10:06.582  INFO 4904 --- [main] org.apache.catalina.core.StandardEngine  : Starting Servlet engine: [Apache Tomcat/9.0.22]
2020-03-12 16:10:06.683  INFO 4904 --- [main] o.a.c.c.C.[Tomcat].[localhost].[/]       : Initializing Spring embedded WebApplicationContext
2020-03-12 16:10:06.683  INFO 4904 --- [main] o.s.web.context.ContextLoader            : Root WebApplicationContext: initialization completed in 1288 ms
2020-03-12 16:10:06.999  INFO 4904 --- [main] o.s.s.concurrent.ThreadPoolTaskExecutor  : Initializing ExecutorService 'applicationTaskExecutor'
2020-03-12 16:10:07.219 ERROR 4904 --- [main] org.apache.catalina.util.LifecycleBase   : Failed to start component [Connector[HTTP/1.1-8080]]

org.apache.catalina.LifecycleException: Protocol handler start failed
	at org.apache.catalina.connector.Connector.startInternal(Connector.java:1008) ~[tomcat-embed-core-9.0.22.jar:9.0.22]
	at org.apache.catalina.util.LifecycleBase.start(LifecycleBase.java:183) ~[tomcat-embed-core-9.0.22.jar:9.0.22]
	at org.apache.catalina.core.StandardService.addConnector(StandardService.java:227) [tomcat-embed-core-9.0.22.jar:9.0.22]
	at org.springframework.boot.web.embedded.tomcat.TomcatWebServer.addPreviouslyRemovedConnectors(TomcatWebServer.java:263) [spring-boot-2.1.7.RELEASE.jar:2.1.7.RELEASE]
	at org.springframework.boot.web.embedded.tomcat.TomcatWebServer.start(TomcatWebServer.java:195) [spring-boot-2.1.7.RELEASE.jar:2.1.7.RELEASE]
	at org.springframework.boot.web.servlet.context.ServletWebServerApplicationContext.startWebServer(ServletWebServerApplicationContext.java:297) [spring-boot-2.1.7.RELEASE.jar:2.1.7.RELEASE]
	at org.springframework.boot.web.servlet.context.ServletWebServerApplicationContext.finishRefresh(ServletWebServerApplicationContext.java:163) [spring-boot-2.1.7.RELEASE.jar:2.1.7.RELEASE]
	at org.springframework.context.support.AbstractApplicationContext.refresh(AbstractApplicationContext.java:552) [spring-context-5.1.9.RELEASE.jar:5.1.9.RELEASE]
	at org.springframework.boot.web.servlet.context.ServletWebServerApplicationContext.refresh(ServletWebServerApplicationContext.java:141) [spring-boot-2.1.7.RELEASE.jar:2.1.7.RELEASE]
	at org.springframework.boot.SpringApplication.refresh(SpringApplication.java:743) [spring-boot-2.1.7.RELEASE.jar:2.1.7.RELEASE]
	at org.springframework.boot.SpringApplication.refreshContext(SpringApplication.java:390) [spring-boot-2.1.7.RELEASE.jar:2.1.7.RELEASE]
	at org.springframework.boot.SpringApplication.run(SpringApplication.java:312) [spring-boot-2.1.7.RELEASE.jar:2.1.7.RELEASE]
	at org.springframework.boot.SpringApplication.run(SpringApplication.java:1214) [spring-boot-2.1.7.RELEASE.jar:2.1.7.RELEASE]
	at org.springframework.boot.SpringApplication.run(SpringApplication.java:1203) [spring-boot-2.1.7.RELEASE.jar:2.1.7.RELEASE]
	at com.education.uv.Application.main(Application.java:11) [classes/:na]
Caused by: java.net.BindException: Address already in use: bind
	at sun.nio.ch.Net.bind0(Native Method) ~[na:1.8.0_77]
	at sun.nio.ch.Net.bind(Net.java:433) ~[na:1.8.0_77]
	at sun.nio.ch.Net.bind(Net.java:425) ~[na:1.8.0_77]
	at sun.nio.ch.ServerSocketChannelImpl.bind(ServerSocketChannelImpl.java:223) ~[na:1.8.0_77]
	at sun.nio.ch.ServerSocketAdaptor.bind(ServerSocketAdaptor.java:74) ~[na:1.8.0_77]
	at org.apache.tomcat.util.net.NioEndpoint.initServerSocket(NioEndpoint.java:230) ~[tomcat-embed-core-9.0.22.jar:9.0.22]
	at org.apache.tomcat.util.net.NioEndpoint.bind(NioEndpoint.java:213) ~[tomcat-embed-core-9.0.22.jar:9.0.22]
	at org.apache.tomcat.util.net.AbstractEndpoint.bindWithCleanup(AbstractEndpoint.java:1124) ~[tomcat-embed-core-9.0.22.jar:9.0.22]
	at org.apache.tomcat.util.net.AbstractEndpoint.start(AbstractEndpoint.java:1210) ~[tomcat-embed-core-9.0.22.jar:9.0.22]
	at org.apache.coyote.AbstractProtocol.start(AbstractProtocol.java:585) ~[tomcat-embed-core-9.0.22.jar:9.0.22]
	at org.apache.catalina.connector.Connector.startInternal(Connector.java:1005) ~[tomcat-embed-core-9.0.22.jar:9.0.22]
	... 14 common frames omitted

2020-03-12 16:10:07.223  INFO 4904 --- [main] o.apache.catalina.core.StandardService   : Stopping service [Tomcat]
2020-03-12 16:10:07.232  INFO 4904 --- [main] ConditionEvaluationReportLoggingListener : 

Error starting ApplicationContext. To display the conditions report re-run your application with 'debug' enabled.
2020-03-12 16:10:07.236 ERROR 4904 --- [main] o.s.b.d.LoggingFailureAnalysisReporter   : 

***************************
APPLICATION FAILED TO START
***************************

Description:

The Tomcat connector configured to listen on port 8080 failed to start. The port may already be in use or the connector may be misconfigured.

Action:

Verify the connector's configuration, identify and stop any process that's listening on port 8080, or configure this application to listen on another port.

2020-03-12 16:10:07.239  INFO 4904 --- [main] o.s.s.concurrent.ThreadPoolTaskExecutor  : Shutting down ExecutorService 'applicationTaskExecutor'
2020-03-12 16:11:33.122  INFO 7840 --- [main] com.education.uv.Application             : Starting Application on AFOD3-612121948 with PID 7840 (D:\ideaObject\uv-git\target\classes started by Administrator in D:\ideaObject\uv-git)
2020-03-12 16:11:33.132  INFO 7840 --- [main] com.education.uv.Application             : No active profile set, falling back to default profiles: default
2020-03-12 16:11:34.188  INFO 7840 --- [main] o.s.b.w.embedded.tomcat.TomcatWebServer  : Tomcat initialized with port(s): 8080 (http)
2020-03-12 16:11:34.210  INFO 7840 --- [main] o.apache.catalina.core.StandardService   : Starting service [Tomcat]
2020-03-12 16:11:34.210  INFO 7840 --- [main] org.apache.catalina.core.StandardEngine  : Starting Servlet engine: [Apache Tomcat/9.0.22]
2020-03-12 16:11:34.315  INFO 7840 --- [main] o.a.c.c.C.[Tomcat].[localhost].[/]       : Initializing Spring embedded WebApplicationContext
2020-03-12 16:11:34.315  INFO 7840 --- [main] o.s.web.context.ContextLoader            : Root WebApplicationContext: initialization completed in 1142 ms
2020-03-12 16:11:34.623  INFO 7840 --- [main] o.s.s.concurrent.ThreadPoolTaskExecutor  : Initializing ExecutorService 'applicationTaskExecutor'
2020-03-12 16:11:34.860  INFO 7840 --- [main] o.s.b.w.embedded.tomcat.TomcatWebServer  : Tomcat started on port(s): 8080 (http) with context path ''
2020-03-12 16:11:34.863  INFO 7840 --- [main] com.education.uv.Application             : Started Application in 2.434 seconds (JVM running for 3.429)
2020-03-12 16:11:46.570  INFO 6976 --- [main] com.education.uv.Application             : Starting Application on AFOD3-612121948 with PID 6976 (D:\ideaObject\uv-git\target\classes started by Administrator in D:\ideaObject\uv-git)
2020-03-12 16:11:46.574  INFO 6976 --- [main] com.education.uv.Application             : No active profile set, falling back to default profiles: default
2020-03-12 16:11:47.656  INFO 6976 --- [main] o.s.b.w.embedded.tomcat.TomcatWebServer  : Tomcat initialized with port(s): 8080 (http)
2020-03-12 16:11:47.677  INFO 6976 --- [main] o.apache.catalina.core.StandardService   : Starting service [Tomcat]
2020-03-12 16:11:47.677  INFO 6976 --- [main] org.apache.catalina.core.StandardEngine  : Starting Servlet engine: [Apache Tomcat/9.0.22]
2020-03-12 16:11:47.777  INFO 6976 --- [main] o.a.c.c.C.[Tomcat].[localhost].[/]       : Initializing Spring embedded WebApplicationContext
2020-03-12 16:11:47.777  INFO 6976 --- [main] o.s.web.context.ContextLoader            : Root WebApplicationContext: initialization completed in 1147 ms
2020-03-12 16:11:48.124  INFO 6976 --- [main] o.s.s.concurrent.ThreadPoolTaskExecutor  : Initializing ExecutorService 'applicationTaskExecutor'
2020-03-12 16:11:48.365  INFO 6976 --- [main] o.s.b.w.embedded.tomcat.TomcatWebServer  : Tomcat started on port(s): 8080 (http) with context path ''
2020-03-12 16:11:48.367  INFO 6976 --- [main] com.education.uv.Application             : Started Application in 2.649 seconds (JVM running for 3.48)
2020-03-12 16:29:12.016  INFO 7616 --- [main] com.education.uv.Application             : Starting Application on AFOD3-612121948 with PID 7616 (D:\ideaObject\uv-git\target\classes started by Administrator in D:\ideaObject\uv-git)
2020-03-12 16:29:12.020  INFO 7616 --- [main] com.education.uv.Application             : No active profile set, falling back to default profiles: default
2020-03-12 16:29:13.143  INFO 7616 --- [main] o.s.b.w.embedded.tomcat.TomcatWebServer  : Tomcat initialized with port(s): 8080 (http)
2020-03-12 16:29:13.163  INFO 7616 --- [main] o.apache.catalina.core.StandardService   : Starting service [Tomcat]
2020-03-12 16:29:13.164  INFO 7616 --- [main] org.apache.catalina.core.StandardEngine  : Starting Servlet engine: [Apache Tomcat/9.0.22]
2020-03-12 16:29:13.261  INFO 7616 --- [main] o.a.c.c.C.[Tomcat].[localhost].[/]       : Initializing Spring embedded WebApplicationContext
2020-03-12 16:29:13.261  INFO 7616 --- [main] o.s.web.context.ContextLoader            : Root WebApplicationContext: initialization completed in 1184 ms
2020-03-12 16:29:13.549  INFO 7616 --- [main] o.s.s.concurrent.ThreadPoolTaskExecutor  : Initializing ExecutorService 'applicationTaskExecutor'
2020-03-12 16:29:13.779  INFO 7616 --- [main] o.s.b.w.embedded.tomcat.TomcatWebServer  : Tomcat started on port(s): 8080 (http) with context path ''
2020-03-12 16:29:13.782  INFO 7616 --- [main] com.education.uv.Application             : Started Application in 2.482 seconds (JVM running for 3.456)
2020-03-12 16:31:59.906  INFO 7804 --- [main] com.education.uv.Application             : Starting Application on AFOD3-612121948 with PID 7804 (D:\ideaObject\uv-git\target\classes started by Administrator in D:\ideaObject\uv-git)
2020-03-12 16:31:59.909  INFO 7804 --- [main] com.education.uv.Application             : No active profile set, falling back to default profiles: default
2020-03-12 16:32:01.052  INFO 7804 --- [main] o.s.b.w.embedded.tomcat.TomcatWebServer  : Tomcat initialized with port(s): 8080 (http)
2020-03-12 16:32:01.078  INFO 7804 --- [main] o.apache.catalina.core.StandardService   : Starting service [Tomcat]
2020-03-12 16:32:01.078  INFO 7804 --- [main] org.apache.catalina.core.StandardEngine  : Starting Servlet engine: [Apache Tomcat/9.0.22]
2020-03-12 16:32:01.192  INFO 7804 --- [main] o.a.c.c.C.[Tomcat].[localhost].[/]       : Initializing Spring embedded WebApplicationContext
2020-03-12 16:32:01.193  INFO 7804 --- [main] o.s.web.context.ContextLoader            : Root WebApplicationContext: initialization completed in 1229 ms
2020-03-12 16:32:01.480  INFO 7804 --- [main] o.s.s.concurrent.ThreadPoolTaskExecutor  : Initializing ExecutorService 'applicationTaskExecutor'
2020-03-12 16:32:01.716  INFO 7804 --- [main] o.s.b.w.embedded.tomcat.TomcatWebServer  : Tomcat started on port(s): 8080 (http) with context path ''
2020-03-12 16:32:01.719  INFO 7804 --- [main] com.education.uv.Application             : Started Application in 2.453 seconds (JVM running for 3.573)
2020-03-12 16:33:59.885  INFO 7804 --- [http-nio-8080-exec-1] o.a.c.c.C.[Tomcat].[localhost].[/]       : Initializing Spring DispatcherServlet 'dispatcherServlet'
2020-03-12 16:33:59.886  INFO 7804 --- [http-nio-8080-exec-1] o.s.web.servlet.DispatcherServlet        : Initializing Servlet 'dispatcherServlet'
2020-03-12 16:33:59.992  INFO 7804 --- [http-nio-8080-exec-1] o.s.web.servlet.DispatcherServlet        : Completed initialization in 106 ms
2020-03-12 16:34:00.019  INFO 7804 --- [http-nio-8080-exec-1] com.zaxxer.hikari.HikariDataSource       : HikariPool-1 - Starting...
2020-03-12 16:34:00.384  INFO 7804 --- [http-nio-8080-exec-1] com.zaxxer.hikari.HikariDataSource       : HikariPool-1 - Start completed.
2020-03-12 16:35:26.970  INFO 5232 --- [main] com.education.uv.Application             : Starting Application on AFOD3-612121948 with PID 5232 (D:\ideaObject\uv-git\target\classes started by Administrator in D:\ideaObject\uv-git)
2020-03-12 16:35:26.974  INFO 5232 --- [main] com.education.uv.Application             : No active profile set, falling back to default profiles: default
2020-03-12 16:35:28.071  INFO 5232 --- [main] o.s.b.w.embedded.tomcat.TomcatWebServer  : Tomcat initialized with port(s): 8080 (http)
2020-03-12 16:35:28.090  INFO 5232 --- [main] o.apache.catalina.core.StandardService   : Starting service [Tomcat]
2020-03-12 16:35:28.091  INFO 5232 --- [main] org.apache.catalina.core.StandardEngine  : Starting Servlet engine: [Apache Tomcat/9.0.22]
2020-03-12 16:35:28.186  INFO 5232 --- [main] o.a.c.c.C.[Tomcat].[localhost].[/]       : Initializing Spring embedded WebApplicationContext
2020-03-12 16:35:28.186  INFO 5232 --- [main] o.s.web.context.ContextLoader            : Root WebApplicationContext: initialization completed in 1160 ms
2020-03-12 16:35:28.488  INFO 5232 --- [main] o.s.s.concurrent.ThreadPoolTaskExecutor  : Initializing ExecutorService 'applicationTaskExecutor'
2020-03-12 16:35:28.712  INFO 5232 --- [main] o.s.b.w.embedded.tomcat.TomcatWebServer  : Tomcat started on port(s): 8080 (http) with context path ''
2020-03-12 16:35:28.714  INFO 5232 --- [main] com.education.uv.Application             : Started Application in 2.4 seconds (JVM running for 3.308)
2020-03-12 16:36:09.438  INFO 3372 --- [main] com.education.uv.Application             : Starting Application on AFOD3-612121948 with PID 3372 (D:\ideaObject\uv-git\target\classes started by Administrator in D:\ideaObject\uv-git)
2020-03-12 16:36:09.441  INFO 3372 --- [main] com.education.uv.Application             : No active profile set, falling back to default profiles: default
2020-03-12 16:36:10.544  INFO 3372 --- [main] o.s.b.w.embedded.tomcat.TomcatWebServer  : Tomcat initialized with port(s): 8080 (http)
2020-03-12 16:36:10.564  INFO 3372 --- [main] o.apache.catalina.core.StandardService   : Starting service [Tomcat]
2020-03-12 16:36:10.564  INFO 3372 --- [main] org.apache.catalina.core.StandardEngine  : Starting Servlet engine: [Apache Tomcat/9.0.22]
2020-03-12 16:36:10.663  INFO 3372 --- [main] o.a.c.c.C.[Tomcat].[localhost].[/]       : Initializing Spring embedded WebApplicationContext
2020-03-12 16:36:10.663  INFO 3372 --- [main] o.s.web.context.ContextLoader            : Root WebApplicationContext: initialization completed in 1179 ms
2020-03-12 16:36:10.947  INFO 3372 --- [main] o.s.s.concurrent.ThreadPoolTaskExecutor  : Initializing ExecutorService 'applicationTaskExecutor'
2020-03-12 16:36:11.202  INFO 3372 --- [main] o.s.b.w.embedded.tomcat.TomcatWebServer  : Tomcat started on port(s): 8080 (http) with context path ''
2020-03-12 16:36:11.205  INFO 3372 --- [main] com.education.uv.Application             : Started Application in 2.447 seconds (JVM running for 3.392)
2020-03-12 16:36:15.508  INFO 3372 --- [http-nio-8080-exec-1] o.a.c.c.C.[Tomcat].[localhost].[/]       : Initializing Spring DispatcherServlet 'dispatcherServlet'
2020-03-12 16:36:15.508  INFO 3372 --- [http-nio-8080-exec-1] o.s.web.servlet.DispatcherServlet        : Initializing Servlet 'dispatcherServlet'
2020-03-12 16:36:15.514  INFO 3372 --- [http-nio-8080-exec-1] o.s.web.servlet.DispatcherServlet        : Completed initialization in 5 ms
2020-03-12 16:36:25.843  INFO 3372 --- [http-nio-8080-exec-3] com.zaxxer.hikari.HikariDataSource       : HikariPool-1 - Starting...
2020-03-12 16:36:26.237  INFO 3372 --- [http-nio-8080-exec-3] com.zaxxer.hikari.HikariDataSource       : HikariPool-1 - Start completed.
2020-03-12 16:38:21.076  INFO 8076 --- [main] com.education.uv.Application             : Starting Application on AFOD3-612121948 with PID 8076 (D:\ideaObject\uv-git\target\classes started by Administrator in D:\ideaObject\uv-git)
2020-03-12 16:38:21.081  INFO 8076 --- [main] com.education.uv.Application             : No active profile set, falling back to default profiles: default
2020-03-12 16:38:22.178  INFO 8076 --- [main] o.s.b.w.embedded.tomcat.TomcatWebServer  : Tomcat initialized with port(s): 8080 (http)
2020-03-12 16:38:22.199  INFO 8076 --- [main] o.apache.catalina.core.StandardService   : Starting service [Tomcat]
2020-03-12 16:38:22.200  INFO 8076 --- [main] org.apache.catalina.core.StandardEngine  : Starting Servlet engine: [Apache Tomcat/9.0.22]
2020-03-12 16:38:22.308  INFO 8076 --- [main] o.a.c.c.C.[Tomcat].[localhost].[/]       : Initializing Spring embedded WebApplicationContext
2020-03-12 16:38:22.308  INFO 8076 --- [main] o.s.web.context.ContextLoader            : Root WebApplicationContext: initialization completed in 1181 ms
2020-03-12 16:38:22.639  INFO 8076 --- [main] o.s.s.concurrent.ThreadPoolTaskExecutor  : Initializing ExecutorService 'applicationTaskExecutor'
2020-03-12 16:38:22.870  INFO 8076 --- [main] o.s.b.w.embedded.tomcat.TomcatWebServer  : Tomcat started on port(s): 8080 (http) with context path ''
2020-03-12 16:38:22.872  INFO 8076 --- [main] com.education.uv.Application             : Started Application in 2.532 seconds (JVM running for 3.478)
2020-03-12 16:38:29.641  INFO 8076 --- [http-nio-8080-exec-1] o.a.c.c.C.[Tomcat].[localhost].[/]       : Initializing Spring DispatcherServlet 'dispatcherServlet'
2020-03-12 16:38:29.641  INFO 8076 --- [http-nio-8080-exec-1] o.s.web.servlet.DispatcherServlet        : Initializing Servlet 'dispatcherServlet'
2020-03-12 16:38:29.647  INFO 8076 --- [http-nio-8080-exec-1] o.s.web.servlet.DispatcherServlet        : Completed initialization in 6 ms
2020-03-12 16:39:24.759  INFO 8076 --- [http-nio-8080-exec-2] com.zaxxer.hikari.HikariDataSource       : HikariPool-1 - Starting...
2020-03-12 16:39:25.175  INFO 8076 --- [http-nio-8080-exec-2] com.zaxxer.hikari.HikariDataSource       : HikariPool-1 - Start completed.
2020-03-12 16:52:34.537  INFO 5512 --- [main] com.education.uv.Application             : Starting Application on AFOD3-612121948 with PID 5512 (D:\ideaObject\uv-git\target\classes started by Administrator in D:\ideaObject\uv-git)
2020-03-12 16:52:34.542  INFO 5512 --- [main] com.education.uv.Application             : No active profile set, falling back to default profiles: default
2020-03-12 16:52:35.661  INFO 5512 --- [main] o.s.b.w.embedded.tomcat.TomcatWebServer  : Tomcat initialized with port(s): 8080 (http)
2020-03-12 16:52:35.681  INFO 5512 --- [main] o.apache.catalina.core.StandardService   : Starting service [Tomcat]
2020-03-12 16:52:35.682  INFO 5512 --- [main] org.apache.catalina.core.StandardEngine  : Starting Servlet engine: [Apache Tomcat/9.0.22]
2020-03-12 16:52:35.769  INFO 5512 --- [main] o.a.c.c.C.[Tomcat].[localhost].[/]       : Initializing Spring embedded WebApplicationContext
2020-03-12 16:52:35.769  INFO 5512 --- [main] o.s.web.context.ContextLoader            : Root WebApplicationContext: initialization completed in 1164 ms
2020-03-12 16:52:36.055  INFO 5512 --- [main] o.s.s.concurrent.ThreadPoolTaskExecutor  : Initializing ExecutorService 'applicationTaskExecutor'
2020-03-12 16:52:36.299  INFO 5512 --- [main] o.s.b.w.embedded.tomcat.TomcatWebServer  : Tomcat started on port(s): 8080 (http) with context path ''
2020-03-12 16:52:36.301  INFO 5512 --- [main] com.education.uv.Application             : Started Application in 2.409 seconds (JVM running for 3.425)
2020-03-12 16:52:44.160  INFO 5512 --- [http-nio-8080-exec-1] o.a.c.c.C.[Tomcat].[localhost].[/]       : Initializing Spring DispatcherServlet 'dispatcherServlet'
2020-03-12 16:52:44.160  INFO 5512 --- [http-nio-8080-exec-1] o.s.web.servlet.DispatcherServlet        : Initializing Servlet 'dispatcherServlet'
2020-03-12 16:52:44.166  INFO 5512 --- [http-nio-8080-exec-1] o.s.web.servlet.DispatcherServlet        : Completed initialization in 6 ms
2020-03-12 16:52:49.461  INFO 5512 --- [http-nio-8080-exec-2] com.zaxxer.hikari.HikariDataSource       : HikariPool-1 - Starting...
2020-03-12 16:52:49.862  INFO 5512 --- [http-nio-8080-exec-2] com.zaxxer.hikari.HikariDataSource       : HikariPool-1 - Start completed.
